[1.610s] Invoking command in '/app/src/ros2_ws/hexapod': PYTHONPATH=/app/src/ros2_ws/build/hexapod/prefix_override:/usr/lib/python3/dist-packages/colcon_core/task/python/colcon_distutils_commands:/app/src/ros2_ws/install/hexapod/lib/python3.10/site-packages:${PYTHONPATH} /usr/bin/python3 -W ignore:setup.py install is deprecated -W ignore:easy_install command is deprecated setup.py egg_info --egg-base ../build/hexapod build --build-base /app/src/ros2_ws/build/hexapod/build install --record /app/src/ros2_ws/build/hexapod/install.log --single-version-externally-managed install_data
[1.927s] running egg_info
[1.927s] creating ../build/hexapod/hexapod.egg-info
[1.930s] writing ../build/hexapod/hexapod.egg-info/PKG-INFO
[1.931s] writing dependency_links to ../build/hexapod/hexapod.egg-info/dependency_links.txt
[1.931s] writing entry points to ../build/hexapod/hexapod.egg-info/entry_points.txt
[1.932s] writing requirements to ../build/hexapod/hexapod.egg-info/requires.txt
[1.932s] writing top-level names to ../build/hexapod/hexapod.egg-info/top_level.txt
[1.933s] writing manifest file '../build/hexapod/hexapod.egg-info/SOURCES.txt'
[1.936s] reading manifest file '../build/hexapod/hexapod.egg-info/SOURCES.txt'
[1.938s] writing manifest file '../build/hexapod/hexapod.egg-info/SOURCES.txt'
[1.940s] running build
[1.940s] running build_py
[1.941s] creating /app/src/ros2_ws/build/hexapod/build
[1.943s] creating /app/src/ros2_ws/build/hexapod/build/lib
[1.943s] creating /app/src/ros2_ws/build/hexapod/build/lib/hexapod
[1.944s] copying hexapod/__init__.py -> /app/src/ros2_ws/build/hexapod/build/lib/hexapod
[1.946s] copying hexapod/publisher_member_function.py -> /app/src/ros2_ws/build/hexapod/build/lib/hexapod
[1.947s] copying hexapod/subscriber_member_function.py -> /app/src/ros2_ws/build/hexapod/build/lib/hexapod
[1.948s] running install
[1.949s] running install_lib
[1.951s] creating /app/src/ros2_ws/install/hexapod/lib/python3.10/site-packages/hexapod
[1.951s] copying /app/src/ros2_ws/build/hexapod/build/lib/hexapod/__init__.py -> /app/src/ros2_ws/install/hexapod/lib/python3.10/site-packages/hexapod
[1.952s] copying /app/src/ros2_ws/build/hexapod/build/lib/hexapod/publisher_member_function.py -> /app/src/ros2_ws/install/hexapod/lib/python3.10/site-packages/hexapod
[1.953s] copying /app/src/ros2_ws/build/hexapod/build/lib/hexapod/subscriber_member_function.py -> /app/src/ros2_ws/install/hexapod/lib/python3.10/site-packages/hexapod
[1.954s] byte-compiling /app/src/ros2_ws/install/hexapod/lib/python3.10/site-packages/hexapod/__init__.py to __init__.cpython-310.pyc
[1.954s] byte-compiling /app/src/ros2_ws/install/hexapod/lib/python3.10/site-packages/hexapod/publisher_member_function.py to publisher_member_function.cpython-310.pyc
[1.955s] byte-compiling /app/src/ros2_ws/install/hexapod/lib/python3.10/site-packages/hexapod/subscriber_member_function.py to subscriber_member_function.cpython-310.pyc
[1.956s] running install_data
[1.956s] creating /app/src/ros2_ws/install/hexapod/share/ament_index
[1.957s] creating /app/src/ros2_ws/install/hexapod/share/ament_index/resource_index
[1.957s] creating /app/src/ros2_ws/install/hexapod/share/ament_index/resource_index/packages
[1.957s] copying resource/hexapod -> /app/src/ros2_ws/install/hexapod/share/ament_index/resource_index/packages
[1.957s] copying package.xml -> /app/src/ros2_ws/install/hexapod/share/hexapod
[1.957s] running install_egg_info
[1.961s] Copying ../build/hexapod/hexapod.egg-info to /app/src/ros2_ws/install/hexapod/lib/python3.10/site-packages/hexapod-0.0.0-py3.10.egg-info
[1.963s] running install_scripts
[2.012s] Installing listener script to /app/src/ros2_ws/install/hexapod/lib/hexapod
[2.014s] Installing talker script to /app/src/ros2_ws/install/hexapod/lib/hexapod
[2.017s] writing list of installed files to '/app/src/ros2_ws/build/hexapod/install.log'
[2.178s] Invoked command in '/app/src/ros2_ws/hexapod' returned '0': PYTHONPATH=/app/src/ros2_ws/build/hexapod/prefix_override:/usr/lib/python3/dist-packages/colcon_core/task/python/colcon_distutils_commands:/app/src/ros2_ws/install/hexapod/lib/python3.10/site-packages:${PYTHONPATH} /usr/bin/python3 -W ignore:setup.py install is deprecated -W ignore:easy_install command is deprecated setup.py egg_info --egg-base ../build/hexapod build --build-base /app/src/ros2_ws/build/hexapod/build install --record /app/src/ros2_ws/build/hexapod/install.log --single-version-externally-managed install_data
