[1.658s] Invoking command in '/app/src/ros2_ws/build/hexapod': PYTHONPATH=/app/src/ros2_ws/build/hexapod/prefix_override:/usr/lib/python3/dist-packages/colcon_core/task/python/colcon_distutils_commands:/app/src/ros2_ws/install/hexapod/lib/python3.10/site-packages:${PYTHONPATH} /usr/bin/python3 -W ignore:setup.py install is deprecated -W ignore:easy_install command is deprecated setup.py develop --editable --build-directory /app/src/ros2_ws/build/hexapod/build --no-deps symlink_data --force
[2.066s] running develop
[2.234s] running egg_info
[2.234s] writing hexapod.egg-info/PKG-INFO
[2.234s] writing dependency_links to hexapod.egg-info/dependency_links.txt
[2.234s] writing entry points to hexapod.egg-info/entry_points.txt
[2.234s] writing requirements to hexapod.egg-info/requires.txt
[2.235s] writing top-level names to hexapod.egg-info/top_level.txt
[2.237s] reading manifest file 'hexapod.egg-info/SOURCES.txt'
[2.240s] writing manifest file 'hexapod.egg-info/SOURCES.txt'
[2.242s] running build_ext
[2.242s] Creating /app/src/ros2_ws/install/hexapod/lib/python3.10/site-packages/hexapod.egg-link (link to .)
[2.245s] Installing listener script to /app/src/ros2_ws/install/hexapod/lib/hexapod
[2.248s] Installing talker script to /app/src/ros2_ws/install/hexapod/lib/hexapod
[2.249s] 
[2.249s] Installed /app/src/ros2_ws/build/hexapod
[2.249s] running symlink_data
[2.249s] symbolically linking /app/src/ros2_ws/build/hexapod/resource/hexapod -> /app/src/ros2_ws/install/hexapod/share/ament_index/resource_index/packages
[2.249s] symbolically linking /app/src/ros2_ws/build/hexapod/package.xml -> /app/src/ros2_ws/install/hexapod/share/hexapod
[2.480s] Invoked command in '/app/src/ros2_ws/build/hexapod' returned '0': PYTHONPATH=/app/src/ros2_ws/build/hexapod/prefix_override:/usr/lib/python3/dist-packages/colcon_core/task/python/colcon_distutils_commands:/app/src/ros2_ws/install/hexapod/lib/python3.10/site-packages:${PYTHONPATH} /usr/bin/python3 -W ignore:setup.py install is deprecated -W ignore:easy_install command is deprecated setup.py develop --editable --build-directory /app/src/ros2_ws/build/hexapod/build --no-deps symlink_data --force
