[1.664s] Invoking command in '/app/src/ros2_ws/build/teensy_node': PYTHONPATH=/app/src/ros2_ws/build/teensy_node/prefix_override:/usr/lib/python3/dist-packages/colcon_core/task/python/colcon_distutils_commands:/app/src/ros2_ws/install/teensy_node/lib/python3.10/site-packages:${PYTHONPATH} /usr/bin/python3 -W ignore:setup.py install is deprecated -W ignore:easy_install command is deprecated setup.py develop --editable --build-directory /app/src/ros2_ws/build/teensy_node/build --no-deps symlink_data --force
[2.077s] running develop
[2.250s] running egg_info
[2.250s] writing teensy_node.egg-info/PKG-INFO
[2.251s] writing dependency_links to teensy_node.egg-info/dependency_links.txt
[2.253s] writing entry points to teensy_node.egg-info/entry_points.txt
[2.254s] writing requirements to teensy_node.egg-info/requires.txt
[2.256s] writing top-level names to teensy_node.egg-info/top_level.txt
[2.264s] reading manifest file 'teensy_node.egg-info/SOURCES.txt'
[2.267s] writing manifest file 'teensy_node.egg-info/SOURCES.txt'
[2.272s] running build_ext
[2.279s] Creating /app/src/ros2_ws/install/teensy_node/lib/python3.10/site-packages/teensy-node.egg-link (link to .)
[2.280s] Installing teensy_node script to /app/src/ros2_ws/install/teensy_node/lib/teensy_node
[2.280s] 
[2.280s] Installed /app/src/ros2_ws/build/teensy_node
[2.280s] running symlink_data
[2.281s] symbolically linking /app/src/ros2_ws/build/teensy_node/resource/teensy_node -> /app/src/ros2_ws/install/teensy_node/share/ament_index/resource_index/packages
[2.281s] symbolically linking /app/src/ros2_ws/build/teensy_node/package.xml -> /app/src/ros2_ws/install/teensy_node/share/teensy_node
[2.281s] error: [Errno 2] No such file or directory: '/app/src/ros2_ws/install/teensy_node/share/teensy_node/launch'
[2.484s] Invoked command in '/app/src/ros2_ws/build/teensy_node' returned '1': PYTHONPATH=/app/src/ros2_ws/build/teensy_node/prefix_override:/usr/lib/python3/dist-packages/colcon_core/task/python/colcon_distutils_commands:/app/src/ros2_ws/install/teensy_node/lib/python3.10/site-packages:${PYTHONPATH} /usr/bin/python3 -W ignore:setup.py install is deprecated -W ignore:easy_install command is deprecated setup.py develop --editable --build-directory /app/src/ros2_ws/build/teensy_node/build --no-deps symlink_data --force
