[0.155s] DEBUG:colcon:Command line arguments: ['/usr/bin/colcon', 'build', '--symlink-install']
[0.155s] DEBUG:colcon:Parsed command line arguments: Namespace(log_base=None, log_level=None, verb_name='build', build_base='build', install_base='install', merge_install=False, symlink_install=True, test_result_base=None, continue_on_error=False, executor='parallel', parallel_workers=4, event_handlers=None, ignore_user_meta=False, metas=['./colcon.meta'], base_paths=['.'], packages_ignore=None, packages_ignore_regex=None, paths=None, packages_up_to=None, packages_up_to_regex=None, packages_above=None, packages_above_and_dependencies=None, packages_above_depth=None, packages_select_by_dep=None, packages_skip_by_dep=None, packages_skip_up_to=None, packages_select_build_failed=False, packages_skip_build_finished=False, packages_select_test_failures=False, packages_skip_test_passed=False, packages_select=None, packages_skip=None, packages_select_regex=None, packages_skip_regex=None, packages_start=None, packages_end=None, cmake_args=None, cmake_target=None, cmake_target_skip_unavailable=False, cmake_clean_cache=False, cmake_clean_first=False, cmake_force_configure=False, ament_cmake_args=None, catkin_cmake_args=None, catkin_skip_building_tests=False, mixin_files=None, mixin=None, verb_parser=<colcon_mixin.mixin.mixin_argument.MixinArgumentDecorator object at 0xffffae68eb60>, verb_extension=<colcon_core.verb.build.BuildVerb object at 0xffffae68e5f0>, main=<bound method BuildVerb.main of <colcon_core.verb.build.BuildVerb object at 0xffffae68e5f0>>, mixin_verb=('build',))
[0.338s] Level 1:colcon.colcon_core.package_discovery:discover_packages(colcon_meta) check parameters
[0.339s] INFO:colcon.colcon_metadata.package_discovery.colcon_meta:Using configuration from '/root/.colcon/metadata/default/Gazebo.meta'
[0.340s] INFO:colcon.colcon_metadata.package_discovery.colcon_meta:Using configuration from '/root/.colcon/metadata/default/fastrtps.meta'
[0.340s] Level 1:colcon.colcon_core.package_discovery:discover_packages(recursive) check parameters
[0.340s] Level 1:colcon.colcon_core.package_discovery:discover_packages(ignore) check parameters
[0.340s] Level 1:colcon.colcon_core.package_discovery:discover_packages(path) check parameters
[0.340s] Level 1:colcon.colcon_core.package_discovery:discover_packages(colcon_meta) discover
[0.340s] Level 1:colcon.colcon_core.package_discovery:discover_packages(recursive) discover
[0.340s] INFO:colcon.colcon_core.package_discovery:Crawling recursively for packages in '/app/src/ros2_ws'
[0.340s] Level 1:colcon.colcon_core.package_identification:_identify(.) by extensions ['ignore', 'ignore_ament_install']
[0.341s] Level 1:colcon.colcon_core.package_identification:_identify(.) by extension 'ignore'
[0.341s] Level 1:colcon.colcon_core.package_identification:_identify(.) by extension 'ignore_ament_install'
[0.341s] Level 1:colcon.colcon_core.package_identification:_identify(.) by extensions ['colcon_pkg']
[0.341s] Level 1:colcon.colcon_core.package_identification:_identify(.) by extension 'colcon_pkg'
[0.341s] Level 1:colcon.colcon_core.package_identification:_identify(.) by extensions ['colcon_meta']
[0.341s] Level 1:colcon.colcon_core.package_identification:_identify(.) by extension 'colcon_meta'
[0.341s] Level 1:colcon.colcon_core.package_identification:_identify(.) by extensions ['ros']
[0.341s] Level 1:colcon.colcon_core.package_identification:_identify(.) by extension 'ros'
[0.358s] Level 1:colcon.colcon_core.package_identification:_identify(.) by extensions ['cmake', 'python']
[0.358s] Level 1:colcon.colcon_core.package_identification:_identify(.) by extension 'cmake'
[0.359s] Level 1:colcon.colcon_core.package_identification:_identify(.) by extension 'python'
[0.359s] Level 1:colcon.colcon_core.package_identification:_identify(.) by extensions ['python_setup_py']
[0.359s] Level 1:colcon.colcon_core.package_identification:_identify(.) by extension 'python_setup_py'
[0.359s] Level 1:colcon.colcon_core.package_identification:_identify(build) by extensions ['ignore', 'ignore_ament_install']
[0.359s] Level 1:colcon.colcon_core.package_identification:_identify(build) by extension 'ignore'
[0.359s] Level 1:colcon.colcon_core.package_identification:_identify(build) ignored
[0.359s] Level 1:colcon.colcon_core.package_identification:_identify(hexapod) by extensions ['ignore', 'ignore_ament_install']
[0.359s] Level 1:colcon.colcon_core.package_identification:_identify(hexapod) by extension 'ignore'
[0.359s] Level 1:colcon.colcon_core.package_identification:_identify(hexapod) by extension 'ignore_ament_install'
[0.359s] Level 1:colcon.colcon_core.package_identification:_identify(hexapod) by extensions ['colcon_pkg']
[0.359s] Level 1:colcon.colcon_core.package_identification:_identify(hexapod) by extension 'colcon_pkg'
[0.359s] Level 1:colcon.colcon_core.package_identification:_identify(hexapod) by extensions ['colcon_meta']
[0.360s] Level 1:colcon.colcon_core.package_identification:_identify(hexapod) by extension 'colcon_meta'
[0.360s] Level 1:colcon.colcon_core.package_identification:_identify(hexapod) by extensions ['ros']
[0.360s] Level 1:colcon.colcon_core.package_identification:_identify(hexapod) by extension 'ros'
[0.363s] DEBUG:colcon.colcon_core.package_identification:Package 'hexapod' with type 'ros.ament_python' and name 'hexapod'
[0.363s] Level 1:colcon.colcon_core.package_identification:_identify(install) by extensions ['ignore', 'ignore_ament_install']
[0.363s] Level 1:colcon.colcon_core.package_identification:_identify(install) by extension 'ignore'
[0.363s] Level 1:colcon.colcon_core.package_identification:_identify(install) ignored
[0.363s] Level 1:colcon.colcon_core.package_identification:_identify(log) by extensions ['ignore', 'ignore_ament_install']
[0.364s] Level 1:colcon.colcon_core.package_identification:_identify(log) by extension 'ignore'
[0.364s] Level 1:colcon.colcon_core.package_identification:_identify(log) ignored
[0.364s] Level 1:colcon.colcon_core.package_identification:_identify(src) by extensions ['ignore', 'ignore_ament_install']
[0.364s] Level 1:colcon.colcon_core.package_identification:_identify(src) by extension 'ignore'
[0.364s] Level 1:colcon.colcon_core.package_identification:_identify(src) by extension 'ignore_ament_install'
[0.364s] Level 1:colcon.colcon_core.package_identification:_identify(src) by extensions ['colcon_pkg']
[0.364s] Level 1:colcon.colcon_core.package_identification:_identify(src) by extension 'colcon_pkg'
[0.364s] Level 1:colcon.colcon_core.package_identification:_identify(src) by extensions ['colcon_meta']
[0.364s] Level 1:colcon.colcon_core.package_identification:_identify(src) by extension 'colcon_meta'
[0.364s] Level 1:colcon.colcon_core.package_identification:_identify(src) by extensions ['ros']
[0.364s] Level 1:colcon.colcon_core.package_identification:_identify(src) by extension 'ros'
[0.364s] Level 1:colcon.colcon_core.package_identification:_identify(src) by extensions ['cmake', 'python']
[0.364s] Level 1:colcon.colcon_core.package_identification:_identify(src) by extension 'cmake'
[0.364s] Level 1:colcon.colcon_core.package_identification:_identify(src) by extension 'python'
[0.364s] Level 1:colcon.colcon_core.package_identification:_identify(src) by extensions ['python_setup_py']
[0.364s] Level 1:colcon.colcon_core.package_identification:_identify(src) by extension 'python_setup_py'
[0.365s] Level 1:colcon.colcon_core.package_identification:_identify(src/gait_node) by extensions ['ignore', 'ignore_ament_install']
[0.365s] Level 1:colcon.colcon_core.package_identification:_identify(src/gait_node) by extension 'ignore'
[0.365s] Level 1:colcon.colcon_core.package_identification:_identify(src/gait_node) by extension 'ignore_ament_install'
[0.365s] Level 1:colcon.colcon_core.package_identification:_identify(src/gait_node) by extensions ['colcon_pkg']
[0.365s] Level 1:colcon.colcon_core.package_identification:_identify(src/gait_node) by extension 'colcon_pkg'
[0.365s] Level 1:colcon.colcon_core.package_identification:_identify(src/gait_node) by extensions ['colcon_meta']
[0.365s] Level 1:colcon.colcon_core.package_identification:_identify(src/gait_node) by extension 'colcon_meta'
[0.365s] Level 1:colcon.colcon_core.package_identification:_identify(src/gait_node) by extensions ['ros']
[0.365s] Level 1:colcon.colcon_core.package_identification:_identify(src/gait_node) by extension 'ros'
[0.366s] DEBUG:colcon.colcon_core.package_identification:Package 'src/gait_node' with type 'ros.ament_python' and name 'gait_node'
[0.366s] Level 1:colcon.colcon_core.package_identification:_identify(src/teensy_node) by extensions ['ignore', 'ignore_ament_install']
[0.366s] Level 1:colcon.colcon_core.package_identification:_identify(src/teensy_node) by extension 'ignore'
[0.366s] Level 1:colcon.colcon_core.package_identification:_identify(src/teensy_node) by extension 'ignore_ament_install'
[0.366s] Level 1:colcon.colcon_core.package_identification:_identify(src/teensy_node) by extensions ['colcon_pkg']
[0.366s] Level 1:colcon.colcon_core.package_identification:_identify(src/teensy_node) by extension 'colcon_pkg'
[0.366s] Level 1:colcon.colcon_core.package_identification:_identify(src/teensy_node) by extensions ['colcon_meta']
[0.366s] Level 1:colcon.colcon_core.package_identification:_identify(src/teensy_node) by extension 'colcon_meta'
[0.366s] Level 1:colcon.colcon_core.package_identification:_identify(src/teensy_node) by extensions ['ros']
[0.366s] Level 1:colcon.colcon_core.package_identification:_identify(src/teensy_node) by extension 'ros'
[0.367s] DEBUG:colcon.colcon_core.package_identification:Package 'src/teensy_node' with type 'ros.ament_python' and name 'teensy_node'
[0.367s] Level 1:colcon.colcon_core.package_discovery:discover_packages(recursive) using defaults
[0.367s] Level 1:colcon.colcon_core.package_discovery:discover_packages(ignore) discover
[0.367s] Level 1:colcon.colcon_core.package_discovery:discover_packages(ignore) using defaults
[0.367s] Level 1:colcon.colcon_core.package_discovery:discover_packages(path) discover
[0.367s] Level 1:colcon.colcon_core.package_discovery:discover_packages(path) using defaults
[0.394s] Level 5:colcon.colcon_core.verb:set package 'gait_node' build argument 'cmake_args' from command line to 'None'
[0.394s] Level 5:colcon.colcon_core.verb:set package 'gait_node' build argument 'cmake_target' from command line to 'None'
[0.394s] Level 5:colcon.colcon_core.verb:set package 'gait_node' build argument 'cmake_target_skip_unavailable' from command line to 'False'
[0.394s] Level 5:colcon.colcon_core.verb:set package 'gait_node' build argument 'cmake_clean_cache' from command line to 'False'
[0.394s] Level 5:colcon.colcon_core.verb:set package 'gait_node' build argument 'cmake_clean_first' from command line to 'False'
[0.394s] Level 5:colcon.colcon_core.verb:set package 'gait_node' build argument 'cmake_force_configure' from command line to 'False'
[0.394s] Level 5:colcon.colcon_core.verb:set package 'gait_node' build argument 'ament_cmake_args' from command line to 'None'
[0.394s] Level 5:colcon.colcon_core.verb:set package 'gait_node' build argument 'catkin_cmake_args' from command line to 'None'
[0.394s] Level 5:colcon.colcon_core.verb:set package 'gait_node' build argument 'catkin_skip_building_tests' from command line to 'False'
[0.394s] DEBUG:colcon.colcon_core.verb:Building package 'gait_node' with the following arguments: {'ament_cmake_args': None, 'build_base': '/app/src/ros2_ws/build/gait_node', 'catkin_cmake_args': None, 'catkin_skip_building_tests': False, 'cmake_args': None, 'cmake_clean_cache': False, 'cmake_clean_first': False, 'cmake_force_configure': False, 'cmake_target': None, 'cmake_target_skip_unavailable': False, 'install_base': '/app/src/ros2_ws/install/gait_node', 'merge_install': False, 'path': '/app/src/ros2_ws/src/gait_node', 'symlink_install': True, 'test_result_base': None}
[0.395s] Level 5:colcon.colcon_core.verb:set package 'hexapod' build argument 'cmake_args' from command line to 'None'
[0.395s] Level 5:colcon.colcon_core.verb:set package 'hexapod' build argument 'cmake_target' from command line to 'None'
[0.395s] Level 5:colcon.colcon_core.verb:set package 'hexapod' build argument 'cmake_target_skip_unavailable' from command line to 'False'
[0.395s] Level 5:colcon.colcon_core.verb:set package 'hexapod' build argument 'cmake_clean_cache' from command line to 'False'
[0.395s] Level 5:colcon.colcon_core.verb:set package 'hexapod' build argument 'cmake_clean_first' from command line to 'False'
[0.395s] Level 5:colcon.colcon_core.verb:set package 'hexapod' build argument 'cmake_force_configure' from command line to 'False'
[0.395s] Level 5:colcon.colcon_core.verb:set package 'hexapod' build argument 'ament_cmake_args' from command line to 'None'
[0.395s] Level 5:colcon.colcon_core.verb:set package 'hexapod' build argument 'catkin_cmake_args' from command line to 'None'
[0.395s] Level 5:colcon.colcon_core.verb:set package 'hexapod' build argument 'catkin_skip_building_tests' from command line to 'False'
[0.395s] DEBUG:colcon.colcon_core.verb:Building package 'hexapod' with the following arguments: {'ament_cmake_args': None, 'build_base': '/app/src/ros2_ws/build/hexapod', 'catkin_cmake_args': None, 'catkin_skip_building_tests': False, 'cmake_args': None, 'cmake_clean_cache': False, 'cmake_clean_first': False, 'cmake_force_configure': False, 'cmake_target': None, 'cmake_target_skip_unavailable': False, 'install_base': '/app/src/ros2_ws/install/hexapod', 'merge_install': False, 'path': '/app/src/ros2_ws/hexapod', 'symlink_install': True, 'test_result_base': None}
[0.395s] Level 5:colcon.colcon_core.verb:set package 'teensy_node' build argument 'cmake_args' from command line to 'None'
[0.395s] Level 5:colcon.colcon_core.verb:set package 'teensy_node' build argument 'cmake_target' from command line to 'None'
[0.396s] Level 5:colcon.colcon_core.verb:set package 'teensy_node' build argument 'cmake_target_skip_unavailable' from command line to 'False'
[0.396s] Level 5:colcon.colcon_core.verb:set package 'teensy_node' build argument 'cmake_clean_cache' from command line to 'False'
[0.396s] Level 5:colcon.colcon_core.verb:set package 'teensy_node' build argument 'cmake_clean_first' from command line to 'False'
[0.396s] Level 5:colcon.colcon_core.verb:set package 'teensy_node' build argument 'cmake_force_configure' from command line to 'False'
[0.396s] Level 5:colcon.colcon_core.verb:set package 'teensy_node' build argument 'ament_cmake_args' from command line to 'None'
[0.396s] Level 5:colcon.colcon_core.verb:set package 'teensy_node' build argument 'catkin_cmake_args' from command line to 'None'
[0.396s] Level 5:colcon.colcon_core.verb:set package 'teensy_node' build argument 'catkin_skip_building_tests' from command line to 'False'
[0.396s] DEBUG:colcon.colcon_core.verb:Building package 'teensy_node' with the following arguments: {'ament_cmake_args': None, 'build_base': '/app/src/ros2_ws/build/teensy_node', 'catkin_cmake_args': None, 'catkin_skip_building_tests': False, 'cmake_args': None, 'cmake_clean_cache': False, 'cmake_clean_first': False, 'cmake_force_configure': False, 'cmake_target': None, 'cmake_target_skip_unavailable': False, 'install_base': '/app/src/ros2_ws/install/teensy_node', 'merge_install': False, 'path': '/app/src/ros2_ws/src/teensy_node', 'symlink_install': True, 'test_result_base': None}
[0.396s] INFO:colcon.colcon_core.executor:Executing jobs using 'parallel' executor
[0.397s] DEBUG:colcon.colcon_parallel_executor.executor.parallel:run_until_complete
[0.398s] INFO:colcon.colcon_ros.task.ament_python.build:Building ROS package in '/app/src/ros2_ws/src/gait_node' with build type 'ament_python'
[0.398s] Level 1:colcon.colcon_core.shell:create_environment_hook('gait_node', 'ament_prefix_path')
[0.401s] INFO:colcon.colcon_core.plugin_system:Skipping extension 'colcon_core.shell.bat': Not used on non-Windows systems
[0.401s] INFO:colcon.colcon_core.shell:Creating environment hook '/app/src/ros2_ws/install/gait_node/share/gait_node/hook/ament_prefix_path.ps1'
[0.402s] INFO:colcon.colcon_core.shell:Creating environment descriptor '/app/src/ros2_ws/install/gait_node/share/gait_node/hook/ament_prefix_path.dsv'
[0.428s] INFO:colcon.colcon_core.shell:Creating environment hook '/app/src/ros2_ws/install/gait_node/share/gait_node/hook/ament_prefix_path.sh'
[0.430s] INFO:colcon.colcon_core.shell:Skip shell extension 'powershell' for command environment: Not usable outside of PowerShell
[0.430s] DEBUG:colcon.colcon_core.shell:Skip shell extension 'dsv' for command environment
[0.440s] INFO:colcon.colcon_ros.task.ament_python.build:Building ROS package in '/app/src/ros2_ws/hexapod' with build type 'ament_python'
[0.440s] Level 1:colcon.colcon_core.shell:create_environment_hook('hexapod', 'ament_prefix_path')
[0.441s] INFO:colcon.colcon_core.shell:Creating environment hook '/app/src/ros2_ws/install/hexapod/share/hexapod/hook/ament_prefix_path.ps1'
[0.442s] INFO:colcon.colcon_core.shell:Creating environment descriptor '/app/src/ros2_ws/install/hexapod/share/hexapod/hook/ament_prefix_path.dsv'
[0.444s] INFO:colcon.colcon_core.shell:Creating environment hook '/app/src/ros2_ws/install/hexapod/share/hexapod/hook/ament_prefix_path.sh'
[0.445s] INFO:colcon.colcon_core.shell:Skip shell extension 'powershell' for command environment: Not usable outside of PowerShell
[0.445s] DEBUG:colcon.colcon_core.shell:Skip shell extension 'dsv' for command environment
[0.451s] INFO:colcon.colcon_ros.task.ament_python.build:Building ROS package in '/app/src/ros2_ws/src/teensy_node' with build type 'ament_python'
[0.451s] Level 1:colcon.colcon_core.shell:create_environment_hook('teensy_node', 'ament_prefix_path')
[0.452s] INFO:colcon.colcon_core.shell:Creating environment hook '/app/src/ros2_ws/install/teensy_node/share/teensy_node/hook/ament_prefix_path.ps1'
[0.453s] INFO:colcon.colcon_core.shell:Creating environment descriptor '/app/src/ros2_ws/install/teensy_node/share/teensy_node/hook/ament_prefix_path.dsv'
[0.454s] INFO:colcon.colcon_core.shell:Creating environment hook '/app/src/ros2_ws/install/teensy_node/share/teensy_node/hook/ament_prefix_path.sh'
[0.455s] INFO:colcon.colcon_core.shell:Skip shell extension 'powershell' for command environment: Not usable outside of PowerShell
[0.455s] DEBUG:colcon.colcon_core.shell:Skip shell extension 'dsv' for command environment
[0.794s] INFO:colcon.colcon_core.task.python.build:Building Python package in '/app/src/ros2_ws/src/gait_node'
[0.795s] INFO:colcon.colcon_core.shell:Skip shell extension 'powershell' for command environment: Not usable outside of PowerShell
[0.795s] DEBUG:colcon.colcon_core.shell:Skip shell extension 'dsv' for command environment
[1.137s] INFO:colcon.colcon_core.task.python.build:Building Python package in '/app/src/ros2_ws/hexapod'
[1.138s] INFO:colcon.colcon_core.shell:Skip shell extension 'powershell' for command environment: Not usable outside of PowerShell
[1.138s] DEBUG:colcon.colcon_core.shell:Skip shell extension 'dsv' for command environment
[1.503s] INFO:colcon.colcon_core.task.python.build:Building Python package in '/app/src/ros2_ws/src/teensy_node'
[1.504s] INFO:colcon.colcon_core.shell:Skip shell extension 'powershell' for command environment: Not usable outside of PowerShell
[1.504s] DEBUG:colcon.colcon_core.shell:Skip shell extension 'dsv' for command environment
[2.165s] DEBUG:colcon.colcon_core.event_handler.log_command:Invoking command in '/app/src/ros2_ws/build/hexapod': PYTHONPATH=/app/src/ros2_ws/build/hexapod/prefix_override:/usr/lib/python3/dist-packages/colcon_core/task/python/colcon_distutils_commands:/app/src/ros2_ws/install/hexapod/lib/python3.10/site-packages:${PYTHONPATH} /usr/bin/python3 -W ignore:setup.py install is deprecated -W ignore:easy_install command is deprecated setup.py develop --editable --build-directory /app/src/ros2_ws/build/hexapod/build --no-deps symlink_data
[2.194s] DEBUG:colcon.colcon_core.event_handler.log_command:Invoking command in '/app/src/ros2_ws/build/gait_node': PYTHONPATH=/app/src/ros2_ws/build/gait_node/prefix_override:/usr/lib/python3/dist-packages/colcon_core/task/python/colcon_distutils_commands:/app/src/ros2_ws/install/gait_node/lib/python3.10/site-packages:${PYTHONPATH} /usr/bin/python3 -W ignore:setup.py install is deprecated -W ignore:easy_install command is deprecated setup.py develop --editable --build-directory /app/src/ros2_ws/build/gait_node/build --no-deps symlink_data
[2.204s] DEBUG:colcon.colcon_core.event_handler.log_command:Invoking command in '/app/src/ros2_ws/build/teensy_node': PYTHONPATH=/app/src/ros2_ws/build/teensy_node/prefix_override:/usr/lib/python3/dist-packages/colcon_core/task/python/colcon_distutils_commands:/app/src/ros2_ws/install/teensy_node/lib/python3.10/site-packages:${PYTHONPATH} /usr/bin/python3 -W ignore:setup.py install is deprecated -W ignore:easy_install command is deprecated setup.py develop --editable --build-directory /app/src/ros2_ws/build/teensy_node/build --no-deps symlink_data
[2.896s] Level 1:colcon.colcon_core.shell:create_environment_hook('gait_node', 'pythonpath_develop')
[2.901s] INFO:colcon.colcon_core.shell:Creating environment hook '/app/src/ros2_ws/build/gait_node/share/gait_node/hook/pythonpath_develop.ps1'
[2.903s] INFO:colcon.colcon_core.shell:Creating environment descriptor '/app/src/ros2_ws/build/gait_node/share/gait_node/hook/pythonpath_develop.dsv'
[2.905s] INFO:colcon.colcon_core.shell:Creating environment hook '/app/src/ros2_ws/build/gait_node/share/gait_node/hook/pythonpath_develop.sh'
[2.905s] DEBUG:colcon.colcon_core.event_handler.log_command:Invoked command in '/app/src/ros2_ws/build/gait_node' returned '0': PYTHONPATH=/app/src/ros2_ws/build/gait_node/prefix_override:/usr/lib/python3/dist-packages/colcon_core/task/python/colcon_distutils_commands:/app/src/ros2_ws/install/gait_node/lib/python3.10/site-packages:${PYTHONPATH} /usr/bin/python3 -W ignore:setup.py install is deprecated -W ignore:easy_install command is deprecated setup.py develop --editable --build-directory /app/src/ros2_ws/build/gait_node/build --no-deps symlink_data
[2.911s] Level 1:colcon.colcon_core.environment:checking '/app/src/ros2_ws/install/gait_node' for CMake module files
[2.912s] Level 1:colcon.colcon_core.environment:checking '/app/src/ros2_ws/install/gait_node' for CMake config files
[2.913s] Level 1:colcon.colcon_core.environment:checking '/app/src/ros2_ws/install/gait_node/lib'
[2.914s] Level 1:colcon.colcon_core.environment:checking '/app/src/ros2_ws/install/gait_node/bin'
[2.914s] Level 1:colcon.colcon_core.environment:checking '/app/src/ros2_ws/install/gait_node/lib/pkgconfig/gait_node.pc'
[2.915s] Level 1:colcon.colcon_core.environment:checking '/app/src/ros2_ws/install/gait_node/lib/python3.10/site-packages'
[2.915s] Level 1:colcon.colcon_core.shell:create_environment_hook('gait_node', 'pythonpath')
[2.915s] INFO:colcon.colcon_core.shell:Creating environment hook '/app/src/ros2_ws/install/gait_node/share/gait_node/hook/pythonpath.ps1'
[2.916s] INFO:colcon.colcon_core.shell:Creating environment descriptor '/app/src/ros2_ws/install/gait_node/share/gait_node/hook/pythonpath.dsv'
[2.917s] INFO:colcon.colcon_core.shell:Creating environment hook '/app/src/ros2_ws/install/gait_node/share/gait_node/hook/pythonpath.sh'
[2.919s] Level 1:colcon.colcon_core.environment:checking '/app/src/ros2_ws/install/gait_node/bin'
[2.919s] Level 1:colcon.colcon_core.environment:create_environment_scripts_only(gait_node)
[2.920s] INFO:colcon.colcon_core.shell:Creating package script '/app/src/ros2_ws/install/gait_node/share/gait_node/package.ps1'
[2.922s] INFO:colcon.colcon_core.shell:Creating package descriptor '/app/src/ros2_ws/install/gait_node/share/gait_node/package.dsv'
[2.923s] INFO:colcon.colcon_core.shell:Creating package script '/app/src/ros2_ws/install/gait_node/share/gait_node/package.sh'
[2.924s] INFO:colcon.colcon_core.shell:Creating package script '/app/src/ros2_ws/install/gait_node/share/gait_node/package.bash'
[2.949s] INFO:colcon.colcon_core.shell:Creating package script '/app/src/ros2_ws/install/gait_node/share/gait_node/package.zsh'
[2.951s] Level 1:colcon.colcon_core.environment:create_file_with_runtime_dependencies(/app/src/ros2_ws/install/gait_node/share/colcon-core/packages/gait_node)
[2.952s] Level 1:colcon.colcon_core.shell:create_environment_hook('hexapod', 'pythonpath_develop')
[2.953s] INFO:colcon.colcon_core.shell:Creating environment hook '/app/src/ros2_ws/build/hexapod/share/hexapod/hook/pythonpath_develop.ps1'
[2.954s] INFO:colcon.colcon_core.shell:Creating environment descriptor '/app/src/ros2_ws/build/hexapod/share/hexapod/hook/pythonpath_develop.dsv'
[2.954s] DEBUG:colcon.colcon_core.event_handler.log_command:Invoked command in '/app/src/ros2_ws/build/hexapod' returned '0': PYTHONPATH=/app/src/ros2_ws/build/hexapod/prefix_override:/usr/lib/python3/dist-packages/colcon_core/task/python/colcon_distutils_commands:/app/src/ros2_ws/install/hexapod/lib/python3.10/site-packages:${PYTHONPATH} /usr/bin/python3 -W ignore:setup.py install is deprecated -W ignore:easy_install command is deprecated setup.py develop --editable --build-directory /app/src/ros2_ws/build/hexapod/build --no-deps symlink_data
[2.955s] INFO:colcon.colcon_core.shell:Creating environment hook '/app/src/ros2_ws/build/hexapod/share/hexapod/hook/pythonpath_develop.sh'
[2.956s] Level 1:colcon.colcon_core.environment:checking '/app/src/ros2_ws/install/hexapod' for CMake module files
[2.956s] Level 1:colcon.colcon_core.environment:checking '/app/src/ros2_ws/install/hexapod' for CMake config files
[2.957s] Level 1:colcon.colcon_core.environment:checking '/app/src/ros2_ws/install/hexapod/lib'
[2.957s] Level 1:colcon.colcon_core.environment:checking '/app/src/ros2_ws/install/hexapod/bin'
[2.957s] Level 1:colcon.colcon_core.environment:checking '/app/src/ros2_ws/install/hexapod/lib/pkgconfig/hexapod.pc'
[2.957s] Level 1:colcon.colcon_core.environment:checking '/app/src/ros2_ws/install/hexapod/lib/python3.10/site-packages'
[2.957s] Level 1:colcon.colcon_core.shell:create_environment_hook('hexapod', 'pythonpath')
[2.958s] INFO:colcon.colcon_core.shell:Creating environment hook '/app/src/ros2_ws/install/hexapod/share/hexapod/hook/pythonpath.ps1'
[2.958s] INFO:colcon.colcon_core.shell:Creating environment descriptor '/app/src/ros2_ws/install/hexapod/share/hexapod/hook/pythonpath.dsv'
[2.959s] INFO:colcon.colcon_core.shell:Creating environment hook '/app/src/ros2_ws/install/hexapod/share/hexapod/hook/pythonpath.sh'
[2.960s] Level 1:colcon.colcon_core.environment:checking '/app/src/ros2_ws/install/hexapod/bin'
[2.960s] Level 1:colcon.colcon_core.environment:create_environment_scripts_only(hexapod)
[2.960s] INFO:colcon.colcon_core.shell:Creating package script '/app/src/ros2_ws/install/hexapod/share/hexapod/package.ps1'
[2.961s] INFO:colcon.colcon_core.shell:Creating package descriptor '/app/src/ros2_ws/install/hexapod/share/hexapod/package.dsv'
[2.962s] INFO:colcon.colcon_core.shell:Creating package script '/app/src/ros2_ws/install/hexapod/share/hexapod/package.sh'
[2.962s] INFO:colcon.colcon_core.shell:Creating package script '/app/src/ros2_ws/install/hexapod/share/hexapod/package.bash'
[2.963s] INFO:colcon.colcon_core.shell:Creating package script '/app/src/ros2_ws/install/hexapod/share/hexapod/package.zsh'
[2.963s] Level 1:colcon.colcon_core.environment:create_file_with_runtime_dependencies(/app/src/ros2_ws/install/hexapod/share/colcon-core/packages/hexapod)
[2.964s] Level 1:colcon.colcon_core.shell:create_environment_hook('teensy_node', 'pythonpath_develop')
[2.964s] INFO:colcon.colcon_core.shell:Creating environment hook '/app/src/ros2_ws/build/teensy_node/share/teensy_node/hook/pythonpath_develop.ps1'
[2.965s] INFO:colcon.colcon_core.shell:Creating environment descriptor '/app/src/ros2_ws/build/teensy_node/share/teensy_node/hook/pythonpath_develop.dsv'
[2.966s] DEBUG:colcon.colcon_core.event_handler.log_command:Invoked command in '/app/src/ros2_ws/build/teensy_node' returned '0': PYTHONPATH=/app/src/ros2_ws/build/teensy_node/prefix_override:/usr/lib/python3/dist-packages/colcon_core/task/python/colcon_distutils_commands:/app/src/ros2_ws/install/teensy_node/lib/python3.10/site-packages:${PYTHONPATH} /usr/bin/python3 -W ignore:setup.py install is deprecated -W ignore:easy_install command is deprecated setup.py develop --editable --build-directory /app/src/ros2_ws/build/teensy_node/build --no-deps symlink_data
[2.966s] INFO:colcon.colcon_core.shell:Creating environment hook '/app/src/ros2_ws/build/teensy_node/share/teensy_node/hook/pythonpath_develop.sh'
[2.967s] Level 1:colcon.colcon_core.environment:checking '/app/src/ros2_ws/install/teensy_node' for CMake module files
[2.968s] Level 1:colcon.colcon_core.environment:checking '/app/src/ros2_ws/install/teensy_node' for CMake config files
[2.968s] Level 1:colcon.colcon_core.environment:checking '/app/src/ros2_ws/install/teensy_node/lib'
[2.969s] Level 1:colcon.colcon_core.environment:checking '/app/src/ros2_ws/install/teensy_node/bin'
[2.969s] Level 1:colcon.colcon_core.environment:checking '/app/src/ros2_ws/install/teensy_node/lib/pkgconfig/teensy_node.pc'
[2.969s] Level 1:colcon.colcon_core.environment:checking '/app/src/ros2_ws/install/teensy_node/lib/python3.10/site-packages'
[2.969s] Level 1:colcon.colcon_core.shell:create_environment_hook('teensy_node', 'pythonpath')
[2.969s] INFO:colcon.colcon_core.shell:Creating environment hook '/app/src/ros2_ws/install/teensy_node/share/teensy_node/hook/pythonpath.ps1'
[2.970s] INFO:colcon.colcon_core.shell:Creating environment descriptor '/app/src/ros2_ws/install/teensy_node/share/teensy_node/hook/pythonpath.dsv'
[2.971s] INFO:colcon.colcon_core.shell:Creating environment hook '/app/src/ros2_ws/install/teensy_node/share/teensy_node/hook/pythonpath.sh'
[2.972s] Level 1:colcon.colcon_core.environment:checking '/app/src/ros2_ws/install/teensy_node/bin'
[2.972s] Level 1:colcon.colcon_core.environment:create_environment_scripts_only(teensy_node)
[2.972s] INFO:colcon.colcon_core.shell:Creating package script '/app/src/ros2_ws/install/teensy_node/share/teensy_node/package.ps1'
[2.973s] INFO:colcon.colcon_core.shell:Creating package descriptor '/app/src/ros2_ws/install/teensy_node/share/teensy_node/package.dsv'
[2.974s] INFO:colcon.colcon_core.shell:Creating package script '/app/src/ros2_ws/install/teensy_node/share/teensy_node/package.sh'
[2.974s] INFO:colcon.colcon_core.shell:Creating package script '/app/src/ros2_ws/install/teensy_node/share/teensy_node/package.bash'
[2.975s] INFO:colcon.colcon_core.shell:Creating package script '/app/src/ros2_ws/install/teensy_node/share/teensy_node/package.zsh'
[2.975s] Level 1:colcon.colcon_core.environment:create_file_with_runtime_dependencies(/app/src/ros2_ws/install/teensy_node/share/colcon-core/packages/teensy_node)
[2.976s] DEBUG:colcon.colcon_parallel_executor.executor.parallel:closing loop
[2.976s] DEBUG:colcon.colcon_parallel_executor.executor.parallel:loop closed
[2.976s] DEBUG:colcon.colcon_parallel_executor.executor.parallel:run_until_complete finished with '0'
[2.976s] DEBUG:colcon.colcon_core.event_reactor:joining thread
[2.985s] INFO:colcon.colcon_core.plugin_system:Skipping extension 'colcon_notification.desktop_notification.notify_send': Could not find 'notify-send'
[2.985s] INFO:colcon.colcon_core.plugin_system:Skipping extension 'colcon_notification.desktop_notification.terminal_notifier': Not used on non-Darwin systems
[2.985s] INFO:colcon.colcon_core.plugin_system:Skipping extension 'colcon_notification.desktop_notification.win32': Not used on non-Windows systems
[2.985s] INFO:colcon.colcon_notification.desktop_notification:Sending desktop notification using 'notify2'
[2.985s] DEBUG:colcon.colcon_notification.desktop_notification.notify2:Failed to initialize notify2: org.freedesktop.DBus.Error.NotSupported: Unable to autolaunch a dbus-daemon without a $DISPLAY for X11
[2.985s] DEBUG:colcon.colcon_core.event_reactor:joined thread
[2.986s] INFO:colcon.colcon_core.shell:Creating prefix script '/app/src/ros2_ws/install/local_setup.ps1'
[2.992s] INFO:colcon.colcon_core.shell:Creating prefix util module '/app/src/ros2_ws/install/_local_setup_util_ps1.py'
[3.002s] INFO:colcon.colcon_core.shell:Creating prefix chain script '/app/src/ros2_ws/install/setup.ps1'
[3.004s] INFO:colcon.colcon_core.shell:Creating prefix script '/app/src/ros2_ws/install/local_setup.sh'
[3.006s] INFO:colcon.colcon_core.shell:Creating prefix util module '/app/src/ros2_ws/install/_local_setup_util_sh.py'
[3.007s] INFO:colcon.colcon_core.shell:Creating prefix chain script '/app/src/ros2_ws/install/setup.sh'
[3.009s] INFO:colcon.colcon_core.shell:Creating prefix script '/app/src/ros2_ws/install/local_setup.bash'
[3.010s] INFO:colcon.colcon_core.shell:Creating prefix chain script '/app/src/ros2_ws/install/setup.bash'
[3.013s] INFO:colcon.colcon_core.shell:Creating prefix script '/app/src/ros2_ws/install/local_setup.zsh'
[3.013s] INFO:colcon.colcon_core.shell:Creating prefix chain script '/app/src/ros2_ws/install/setup.zsh'
