[1.615s] Invoking command in '/app/src/ros2_ws/src/teensy_node': PYTHONPATH=/app/src/ros2_ws/build/teensy_node/prefix_override:/usr/lib/python3/dist-packages/colcon_core/task/python/colcon_distutils_commands:/app/src/ros2_ws/install/teensy_node/lib/python3.10/site-packages:${PYTHONPATH} /usr/bin/python3 -W ignore:setup.py install is deprecated -W ignore:easy_install command is deprecated setup.py egg_info --egg-base ../../build/teensy_node build --build-base /app/src/ros2_ws/build/teensy_node/build install --record /app/src/ros2_ws/build/teensy_node/install.log --single-version-externally-managed install_data
[1.943s] running egg_info
[1.945s] writing ../../build/teensy_node/teensy_node.egg-info/PKG-INFO
[1.946s] writing dependency_links to ../../build/teensy_node/teensy_node.egg-info/dependency_links.txt
[1.947s] writing entry points to ../../build/teensy_node/teensy_node.egg-info/entry_points.txt
[1.948s] writing requirements to ../../build/teensy_node/teensy_node.egg-info/requires.txt
[1.949s] writing top-level names to ../../build/teensy_node/teensy_node.egg-info/top_level.txt
[1.953s] reading manifest file '../../build/teensy_node/teensy_node.egg-info/SOURCES.txt'
[1.956s] writing manifest file '../../build/teensy_node/teensy_node.egg-info/SOURCES.txt'
[1.956s] running build
[1.956s] running build_py
[1.956s] running install
[1.958s] running install_lib
[1.960s] running install_data
[1.960s] running install_egg_info
[1.964s] removing '/app/src/ros2_ws/install/teensy_node/lib/python3.10/site-packages/teensy_node-0.0.0-py3.10.egg-info' (and everything under it)
[1.965s] Copying ../../build/teensy_node/teensy_node.egg-info to /app/src/ros2_ws/install/teensy_node/lib/python3.10/site-packages/teensy_node-0.0.0-py3.10.egg-info
[1.967s] running install_scripts
[2.021s] Installing teensy_node script to /app/src/ros2_ws/install/teensy_node/lib/teensy_node
[2.022s] writing list of installed files to '/app/src/ros2_ws/build/teensy_node/install.log'
[2.182s] Invoked command in '/app/src/ros2_ws/src/teensy_node' returned '0': PYTHONPATH=/app/src/ros2_ws/build/teensy_node/prefix_override:/usr/lib/python3/dist-packages/colcon_core/task/python/colcon_distutils_commands:/app/src/ros2_ws/install/teensy_node/lib/python3.10/site-packages:${PYTHONPATH} /usr/bin/python3 -W ignore:setup.py install is deprecated -W ignore:easy_install command is deprecated setup.py egg_info --egg-base ../../build/teensy_node build --build-base /app/src/ros2_ws/build/teensy_node/build install --record /app/src/ros2_ws/build/teensy_node/install.log --single-version-externally-managed install_data
