[0.241s] DEBUG:colcon:Command line arguments: ['/usr/bin/colcon', 'build', '--symlink-install']
[0.241s] DEBUG:colcon:Parsed command line arguments: Namespace(log_base=None, log_level=None, verb_name='build', build_base='build', install_base='install', merge_install=False, symlink_install=True, test_result_base=None, continue_on_error=False, executor='parallel', parallel_workers=4, event_handlers=None, ignore_user_meta=False, metas=['./colcon.meta'], base_paths=['.'], packages_ignore=None, packages_ignore_regex=None, paths=None, packages_up_to=None, packages_up_to_regex=None, packages_above=None, packages_above_and_dependencies=None, packages_above_depth=None, packages_select_by_dep=None, packages_skip_by_dep=None, packages_skip_up_to=None, packages_select_build_failed=False, packages_skip_build_finished=False, packages_select_test_failures=False, packages_skip_test_passed=False, packages_select=None, packages_skip=None, packages_select_regex=None, packages_skip_regex=None, packages_start=None, packages_end=None, cmake_args=None, cmake_target=None, cmake_target_skip_unavailable=False, cmake_clean_cache=False, cmake_clean_first=False, cmake_force_configure=False, ament_cmake_args=None, catkin_cmake_args=None, catkin_skip_building_tests=False, mixin_files=None, mixin=None, verb_parser=<colcon_mixin.mixin.mixin_argument.MixinArgumentDecorator object at 0xffff8f51ed40>, verb_extension=<colcon_core.verb.build.BuildVerb object at 0xffff8f51e7d0>, main=<bound method BuildVerb.main of <colcon_core.verb.build.BuildVerb object at 0xffff8f51e7d0>>, mixin_verb=('build',))
[0.460s] Level 1:colcon.colcon_core.package_discovery:discover_packages(colcon_meta) check parameters
[0.462s] INFO:colcon.colcon_metadata.package_discovery.colcon_meta:Using configuration from '/root/.colcon/metadata/default/Gazebo.meta'
[0.463s] INFO:colcon.colcon_metadata.package_discovery.colcon_meta:Using configuration from '/root/.colcon/metadata/default/fastrtps.meta'
[0.463s] Level 1:colcon.colcon_core.package_discovery:discover_packages(recursive) check parameters
[0.463s] Level 1:colcon.colcon_core.package_discovery:discover_packages(ignore) check parameters
[0.463s] Level 1:colcon.colcon_core.package_discovery:discover_packages(path) check parameters
[0.463s] Level 1:colcon.colcon_core.package_discovery:discover_packages(colcon_meta) discover
[0.463s] Level 1:colcon.colcon_core.package_discovery:discover_packages(recursive) discover
[0.463s] INFO:colcon.colcon_core.package_discovery:Crawling recursively for packages in '/app/src/ros2_ws'
[0.464s] Level 1:colcon.colcon_core.package_identification:_identify(.) by extensions ['ignore', 'ignore_ament_install']
[0.464s] Level 1:colcon.colcon_core.package_identification:_identify(.) by extension 'ignore'
[0.464s] Level 1:colcon.colcon_core.package_identification:_identify(.) by extension 'ignore_ament_install'
[0.464s] Level 1:colcon.colcon_core.package_identification:_identify(.) by extensions ['colcon_pkg']
[0.464s] Level 1:colcon.colcon_core.package_identification:_identify(.) by extension 'colcon_pkg'
[0.464s] Level 1:colcon.colcon_core.package_identification:_identify(.) by extensions ['colcon_meta']
[0.464s] Level 1:colcon.colcon_core.package_identification:_identify(.) by extension 'colcon_meta'
[0.464s] Level 1:colcon.colcon_core.package_identification:_identify(.) by extensions ['ros']
[0.464s] Level 1:colcon.colcon_core.package_identification:_identify(.) by extension 'ros'
[0.496s] Level 1:colcon.colcon_core.package_identification:_identify(.) by extensions ['cmake', 'python']
[0.496s] Level 1:colcon.colcon_core.package_identification:_identify(.) by extension 'cmake'
[0.496s] Level 1:colcon.colcon_core.package_identification:_identify(.) by extension 'python'
[0.496s] Level 1:colcon.colcon_core.package_identification:_identify(.) by extensions ['python_setup_py']
[0.496s] Level 1:colcon.colcon_core.package_identification:_identify(.) by extension 'python_setup_py'
[0.497s] Level 1:colcon.colcon_core.package_identification:_identify(build) by extensions ['ignore', 'ignore_ament_install']
[0.497s] Level 1:colcon.colcon_core.package_identification:_identify(build) by extension 'ignore'
[0.497s] Level 1:colcon.colcon_core.package_identification:_identify(build) ignored
[0.497s] Level 1:colcon.colcon_core.package_identification:_identify(hexapod) by extensions ['ignore', 'ignore_ament_install']
[0.497s] Level 1:colcon.colcon_core.package_identification:_identify(hexapod) by extension 'ignore'
[0.497s] Level 1:colcon.colcon_core.package_identification:_identify(hexapod) by extension 'ignore_ament_install'
[0.497s] Level 1:colcon.colcon_core.package_identification:_identify(hexapod) by extensions ['colcon_pkg']
[0.497s] Level 1:colcon.colcon_core.package_identification:_identify(hexapod) by extension 'colcon_pkg'
[0.498s] Level 1:colcon.colcon_core.package_identification:_identify(hexapod) by extensions ['colcon_meta']
[0.498s] Level 1:colcon.colcon_core.package_identification:_identify(hexapod) by extension 'colcon_meta'
[0.498s] Level 1:colcon.colcon_core.package_identification:_identify(hexapod) by extensions ['ros']
[0.498s] Level 1:colcon.colcon_core.package_identification:_identify(hexapod) by extension 'ros'
[0.503s] DEBUG:colcon.colcon_core.package_identification:Package 'hexapod' with type 'ros.ament_python' and name 'hexapod'
[0.504s] Level 1:colcon.colcon_core.package_identification:_identify(install) by extensions ['ignore', 'ignore_ament_install']
[0.504s] Level 1:colcon.colcon_core.package_identification:_identify(install) by extension 'ignore'
[0.504s] Level 1:colcon.colcon_core.package_identification:_identify(install) ignored
[0.504s] Level 1:colcon.colcon_core.package_identification:_identify(log) by extensions ['ignore', 'ignore_ament_install']
[0.504s] Level 1:colcon.colcon_core.package_identification:_identify(log) by extension 'ignore'
[0.504s] Level 1:colcon.colcon_core.package_identification:_identify(log) ignored
[0.504s] Level 1:colcon.colcon_core.package_identification:_identify(src) by extensions ['ignore', 'ignore_ament_install']
[0.504s] Level 1:colcon.colcon_core.package_identification:_identify(src) by extension 'ignore'
[0.504s] Level 1:colcon.colcon_core.package_identification:_identify(src) by extension 'ignore_ament_install'
[0.504s] Level 1:colcon.colcon_core.package_identification:_identify(src) by extensions ['colcon_pkg']
[0.504s] Level 1:colcon.colcon_core.package_identification:_identify(src) by extension 'colcon_pkg'
[0.505s] Level 1:colcon.colcon_core.package_identification:_identify(src) by extensions ['colcon_meta']
[0.505s] Level 1:colcon.colcon_core.package_identification:_identify(src) by extension 'colcon_meta'
[0.505s] Level 1:colcon.colcon_core.package_identification:_identify(src) by extensions ['ros']
[0.505s] Level 1:colcon.colcon_core.package_identification:_identify(src) by extension 'ros'
[0.505s] Level 1:colcon.colcon_core.package_identification:_identify(src) by extensions ['cmake', 'python']
[0.505s] Level 1:colcon.colcon_core.package_identification:_identify(src) by extension 'cmake'
[0.505s] Level 1:colcon.colcon_core.package_identification:_identify(src) by extension 'python'
[0.505s] Level 1:colcon.colcon_core.package_identification:_identify(src) by extensions ['python_setup_py']
[0.505s] Level 1:colcon.colcon_core.package_identification:_identify(src) by extension 'python_setup_py'
[0.505s] Level 1:colcon.colcon_core.package_identification:_identify(src/gait_node) by extensions ['ignore', 'ignore_ament_install']
[0.505s] Level 1:colcon.colcon_core.package_identification:_identify(src/gait_node) by extension 'ignore'
[0.505s] Level 1:colcon.colcon_core.package_identification:_identify(src/gait_node) by extension 'ignore_ament_install'
[0.505s] Level 1:colcon.colcon_core.package_identification:_identify(src/gait_node) by extensions ['colcon_pkg']
[0.505s] Level 1:colcon.colcon_core.package_identification:_identify(src/gait_node) by extension 'colcon_pkg'
[0.505s] Level 1:colcon.colcon_core.package_identification:_identify(src/gait_node) by extensions ['colcon_meta']
[0.505s] Level 1:colcon.colcon_core.package_identification:_identify(src/gait_node) by extension 'colcon_meta'
[0.505s] Level 1:colcon.colcon_core.package_identification:_identify(src/gait_node) by extensions ['ros']
[0.505s] Level 1:colcon.colcon_core.package_identification:_identify(src/gait_node) by extension 'ros'
[0.507s] DEBUG:colcon.colcon_core.package_identification:Package 'src/gait_node' with type 'ros.ament_python' and name 'gait_node'
[0.507s] Level 1:colcon.colcon_core.package_identification:_identify(src/teensy_node) by extensions ['ignore', 'ignore_ament_install']
[0.507s] Level 1:colcon.colcon_core.package_identification:_identify(src/teensy_node) by extension 'ignore'
[0.507s] Level 1:colcon.colcon_core.package_identification:_identify(src/teensy_node) by extension 'ignore_ament_install'
[0.507s] Level 1:colcon.colcon_core.package_identification:_identify(src/teensy_node) by extensions ['colcon_pkg']
[0.507s] Level 1:colcon.colcon_core.package_identification:_identify(src/teensy_node) by extension 'colcon_pkg'
[0.507s] Level 1:colcon.colcon_core.package_identification:_identify(src/teensy_node) by extensions ['colcon_meta']
[0.507s] Level 1:colcon.colcon_core.package_identification:_identify(src/teensy_node) by extension 'colcon_meta'
[0.507s] Level 1:colcon.colcon_core.package_identification:_identify(src/teensy_node) by extensions ['ros']
[0.507s] Level 1:colcon.colcon_core.package_identification:_identify(src/teensy_node) by extension 'ros'
[0.508s] DEBUG:colcon.colcon_core.package_identification:Package 'src/teensy_node' with type 'ros.ament_python' and name 'teensy_node'
[0.508s] Level 1:colcon.colcon_core.package_discovery:discover_packages(recursive) using defaults
[0.508s] Level 1:colcon.colcon_core.package_discovery:discover_packages(ignore) discover
[0.509s] Level 1:colcon.colcon_core.package_discovery:discover_packages(ignore) using defaults
[0.509s] Level 1:colcon.colcon_core.package_discovery:discover_packages(path) discover
[0.509s] Level 1:colcon.colcon_core.package_discovery:discover_packages(path) using defaults
[0.546s] Level 5:colcon.colcon_core.verb:set package 'gait_node' build argument 'cmake_args' from command line to 'None'
[0.547s] Level 5:colcon.colcon_core.verb:set package 'gait_node' build argument 'cmake_target' from command line to 'None'
[0.547s] Level 5:colcon.colcon_core.verb:set package 'gait_node' build argument 'cmake_target_skip_unavailable' from command line to 'False'
[0.547s] Level 5:colcon.colcon_core.verb:set package 'gait_node' build argument 'cmake_clean_cache' from command line to 'False'
[0.547s] Level 5:colcon.colcon_core.verb:set package 'gait_node' build argument 'cmake_clean_first' from command line to 'False'
[0.547s] Level 5:colcon.colcon_core.verb:set package 'gait_node' build argument 'cmake_force_configure' from command line to 'False'
[0.547s] Level 5:colcon.colcon_core.verb:set package 'gait_node' build argument 'ament_cmake_args' from command line to 'None'
[0.547s] Level 5:colcon.colcon_core.verb:set package 'gait_node' build argument 'catkin_cmake_args' from command line to 'None'
[0.547s] Level 5:colcon.colcon_core.verb:set package 'gait_node' build argument 'catkin_skip_building_tests' from command line to 'False'
[0.547s] DEBUG:colcon.colcon_core.verb:Building package 'gait_node' with the following arguments: {'ament_cmake_args': None, 'build_base': '/app/src/ros2_ws/build/gait_node', 'catkin_cmake_args': None, 'catkin_skip_building_tests': False, 'cmake_args': None, 'cmake_clean_cache': False, 'cmake_clean_first': False, 'cmake_force_configure': False, 'cmake_target': None, 'cmake_target_skip_unavailable': False, 'install_base': '/app/src/ros2_ws/install/gait_node', 'merge_install': False, 'path': '/app/src/ros2_ws/src/gait_node', 'symlink_install': True, 'test_result_base': None}
[0.547s] Level 5:colcon.colcon_core.verb:set package 'hexapod' build argument 'cmake_args' from command line to 'None'
[0.547s] Level 5:colcon.colcon_core.verb:set package 'hexapod' build argument 'cmake_target' from command line to 'None'
[0.547s] Level 5:colcon.colcon_core.verb:set package 'hexapod' build argument 'cmake_target_skip_unavailable' from command line to 'False'
[0.547s] Level 5:colcon.colcon_core.verb:set package 'hexapod' build argument 'cmake_clean_cache' from command line to 'False'
[0.547s] Level 5:colcon.colcon_core.verb:set package 'hexapod' build argument 'cmake_clean_first' from command line to 'False'
[0.548s] Level 5:colcon.colcon_core.verb:set package 'hexapod' build argument 'cmake_force_configure' from command line to 'False'
[0.548s] Level 5:colcon.colcon_core.verb:set package 'hexapod' build argument 'ament_cmake_args' from command line to 'None'
[0.548s] Level 5:colcon.colcon_core.verb:set package 'hexapod' build argument 'catkin_cmake_args' from command line to 'None'
[0.548s] Level 5:colcon.colcon_core.verb:set package 'hexapod' build argument 'catkin_skip_building_tests' from command line to 'False'
[0.548s] DEBUG:colcon.colcon_core.verb:Building package 'hexapod' with the following arguments: {'ament_cmake_args': None, 'build_base': '/app/src/ros2_ws/build/hexapod', 'catkin_cmake_args': None, 'catkin_skip_building_tests': False, 'cmake_args': None, 'cmake_clean_cache': False, 'cmake_clean_first': False, 'cmake_force_configure': False, 'cmake_target': None, 'cmake_target_skip_unavailable': False, 'install_base': '/app/src/ros2_ws/install/hexapod', 'merge_install': False, 'path': '/app/src/ros2_ws/hexapod', 'symlink_install': True, 'test_result_base': None}
[0.548s] Level 5:colcon.colcon_core.verb:set package 'teensy_node' build argument 'cmake_args' from command line to 'None'
[0.548s] Level 5:colcon.colcon_core.verb:set package 'teensy_node' build argument 'cmake_target' from command line to 'None'
[0.548s] Level 5:colcon.colcon_core.verb:set package 'teensy_node' build argument 'cmake_target_skip_unavailable' from command line to 'False'
[0.548s] Level 5:colcon.colcon_core.verb:set package 'teensy_node' build argument 'cmake_clean_cache' from command line to 'False'
[0.548s] Level 5:colcon.colcon_core.verb:set package 'teensy_node' build argument 'cmake_clean_first' from command line to 'False'
[0.548s] Level 5:colcon.colcon_core.verb:set package 'teensy_node' build argument 'cmake_force_configure' from command line to 'False'
[0.548s] Level 5:colcon.colcon_core.verb:set package 'teensy_node' build argument 'ament_cmake_args' from command line to 'None'
[0.548s] Level 5:colcon.colcon_core.verb:set package 'teensy_node' build argument 'catkin_cmake_args' from command line to 'None'
[0.548s] Level 5:colcon.colcon_core.verb:set package 'teensy_node' build argument 'catkin_skip_building_tests' from command line to 'False'
[0.548s] DEBUG:colcon.colcon_core.verb:Building package 'teensy_node' with the following arguments: {'ament_cmake_args': None, 'build_base': '/app/src/ros2_ws/build/teensy_node', 'catkin_cmake_args': None, 'catkin_skip_building_tests': False, 'cmake_args': None, 'cmake_clean_cache': False, 'cmake_clean_first': False, 'cmake_force_configure': False, 'cmake_target': None, 'cmake_target_skip_unavailable': False, 'install_base': '/app/src/ros2_ws/install/teensy_node', 'merge_install': False, 'path': '/app/src/ros2_ws/src/teensy_node', 'symlink_install': True, 'test_result_base': None}
[0.549s] INFO:colcon.colcon_core.executor:Executing jobs using 'parallel' executor
[0.550s] DEBUG:colcon.colcon_parallel_executor.executor.parallel:run_until_complete
[0.551s] INFO:colcon.colcon_ros.task.ament_python.build:Building ROS package in '/app/src/ros2_ws/src/gait_node' with build type 'ament_python'
[0.551s] Level 1:colcon.colcon_core.shell:create_environment_hook('gait_node', 'ament_prefix_path')
[0.559s] INFO:colcon.colcon_core.plugin_system:Skipping extension 'colcon_core.shell.bat': Not used on non-Windows systems
[0.559s] INFO:colcon.colcon_core.shell:Creating environment hook '/app/src/ros2_ws/install/gait_node/share/gait_node/hook/ament_prefix_path.ps1'
[0.560s] INFO:colcon.colcon_core.shell:Creating environment descriptor '/app/src/ros2_ws/install/gait_node/share/gait_node/hook/ament_prefix_path.dsv'
[0.561s] INFO:colcon.colcon_core.shell:Creating environment hook '/app/src/ros2_ws/install/gait_node/share/gait_node/hook/ament_prefix_path.sh'
[0.563s] INFO:colcon.colcon_core.shell:Skip shell extension 'powershell' for command environment: Not usable outside of PowerShell
[0.563s] DEBUG:colcon.colcon_core.shell:Skip shell extension 'dsv' for command environment
[0.580s] INFO:colcon.colcon_ros.task.ament_python.build:Building ROS package in '/app/src/ros2_ws/hexapod' with build type 'ament_python'
[0.580s] Level 1:colcon.colcon_core.shell:create_environment_hook('hexapod', 'ament_prefix_path')
[0.581s] INFO:colcon.colcon_core.shell:Creating environment hook '/app/src/ros2_ws/install/hexapod/share/hexapod/hook/ament_prefix_path.ps1'
[0.589s] INFO:colcon.colcon_core.shell:Creating environment descriptor '/app/src/ros2_ws/install/hexapod/share/hexapod/hook/ament_prefix_path.dsv'
[0.590s] INFO:colcon.colcon_core.shell:Creating environment hook '/app/src/ros2_ws/install/hexapod/share/hexapod/hook/ament_prefix_path.sh'
[0.591s] INFO:colcon.colcon_core.shell:Skip shell extension 'powershell' for command environment: Not usable outside of PowerShell
[0.591s] DEBUG:colcon.colcon_core.shell:Skip shell extension 'dsv' for command environment
[0.596s] INFO:colcon.colcon_ros.task.ament_python.build:Building ROS package in '/app/src/ros2_ws/src/teensy_node' with build type 'ament_python'
[0.597s] Level 1:colcon.colcon_core.shell:create_environment_hook('teensy_node', 'ament_prefix_path')
[0.598s] INFO:colcon.colcon_core.shell:Creating environment hook '/app/src/ros2_ws/install/teensy_node/share/teensy_node/hook/ament_prefix_path.ps1'
[0.599s] INFO:colcon.colcon_core.shell:Creating environment descriptor '/app/src/ros2_ws/install/teensy_node/share/teensy_node/hook/ament_prefix_path.dsv'
[0.600s] INFO:colcon.colcon_core.shell:Creating environment hook '/app/src/ros2_ws/install/teensy_node/share/teensy_node/hook/ament_prefix_path.sh'
[0.601s] INFO:colcon.colcon_core.shell:Skip shell extension 'powershell' for command environment: Not usable outside of PowerShell
[0.601s] DEBUG:colcon.colcon_core.shell:Skip shell extension 'dsv' for command environment
[0.950s] INFO:colcon.colcon_core.task.python.build:Building Python package in '/app/src/ros2_ws/src/gait_node'
[0.951s] INFO:colcon.colcon_core.shell:Skip shell extension 'powershell' for command environment: Not usable outside of PowerShell
[0.951s] DEBUG:colcon.colcon_core.shell:Skip shell extension 'dsv' for command environment
[1.292s] INFO:colcon.colcon_core.task.python.build:Building Python package in '/app/src/ros2_ws/hexapod'
[1.292s] INFO:colcon.colcon_core.shell:Skip shell extension 'powershell' for command environment: Not usable outside of PowerShell
[1.292s] DEBUG:colcon.colcon_core.shell:Skip shell extension 'dsv' for command environment
[1.621s] INFO:colcon.colcon_core.task.python.build:Building Python package in '/app/src/ros2_ws/src/teensy_node'
[1.622s] INFO:colcon.colcon_core.shell:Skip shell extension 'powershell' for command environment: Not usable outside of PowerShell
[1.622s] DEBUG:colcon.colcon_core.shell:Skip shell extension 'dsv' for command environment
[2.229s] DEBUG:colcon.colcon_core.task.python.build:While undoing a previous installation files outside the Python library path are being ignored: /app/src/ros2_ws/install/hexapod/share/ament_index/resource_index/packages/hexapod
[2.229s] DEBUG:colcon.colcon_core.task.python.build:While undoing a previous installation files outside the Python library path are being ignored: /app/src/ros2_ws/install/hexapod/share/hexapod/package.xml
[2.229s] DEBUG:colcon.colcon_core.task.python.build:While undoing a previous installation files outside the Python library path are being ignored: /app/src/ros2_ws/install/hexapod/lib/hexapod/listener
[2.230s] DEBUG:colcon.colcon_core.task.python.build:While undoing a previous installation files outside the Python library path are being ignored: /app/src/ros2_ws/install/hexapod/lib/hexapod/talker
[2.238s] DEBUG:colcon.colcon_core.event_handler.log_command:Invoking command in '/app/src/ros2_ws/build/hexapod': PYTHONPATH=/app/src/ros2_ws/build/hexapod/prefix_override:/usr/lib/python3/dist-packages/colcon_core/task/python/colcon_distutils_commands:/app/src/ros2_ws/install/hexapod/lib/python3.10/site-packages:${PYTHONPATH} /usr/bin/python3 -W ignore:setup.py install is deprecated -W ignore:easy_install command is deprecated setup.py develop --editable --build-directory /app/src/ros2_ws/build/hexapod/build --no-deps symlink_data --force
[2.241s] DEBUG:colcon.colcon_core.task.python.build:While undoing a previous installation files outside the Python library path are being ignored: /app/src/ros2_ws/install/gait_node/share/ament_index/resource_index/packages/gait_node
[2.241s] DEBUG:colcon.colcon_core.task.python.build:While undoing a previous installation files outside the Python library path are being ignored: /app/src/ros2_ws/install/gait_node/share/gait_node/package.xml
[2.242s] DEBUG:colcon.colcon_core.task.python.build:While undoing a previous installation files outside the Python library path are being ignored: /app/src/ros2_ws/install/gait_node/share/gait_node
[2.242s] DEBUG:colcon.colcon_core.task.python.build:While undoing a previous installation files outside the Python library path are being ignored: /app/src/ros2_ws/install/gait_node/lib/gait_node/gait_node
[2.251s] DEBUG:colcon.colcon_core.event_handler.log_command:Invoking command in '/app/src/ros2_ws/build/gait_node': PYTHONPATH=/app/src/ros2_ws/build/gait_node/prefix_override:/usr/lib/python3/dist-packages/colcon_core/task/python/colcon_distutils_commands:/app/src/ros2_ws/install/gait_node/lib/python3.10/site-packages:${PYTHONPATH} /usr/bin/python3 -W ignore:setup.py install is deprecated -W ignore:easy_install command is deprecated setup.py develop --editable --build-directory /app/src/ros2_ws/build/gait_node/build --no-deps symlink_data --force
[2.258s] DEBUG:colcon.colcon_core.task.python.build:While undoing a previous installation files outside the Python library path are being ignored: /app/src/ros2_ws/install/teensy_node/share/ament_index/resource_index/packages/teensy_node
[2.258s] DEBUG:colcon.colcon_core.task.python.build:While undoing a previous installation files outside the Python library path are being ignored: /app/src/ros2_ws/install/teensy_node/share/teensy_node/package.xml
[2.258s] DEBUG:colcon.colcon_core.task.python.build:While undoing a previous installation files outside the Python library path are being ignored: /app/src/ros2_ws/install/teensy_node/share/teensy_node/teensy_node.launch.py
[2.258s] DEBUG:colcon.colcon_core.task.python.build:While undoing a previous installation files outside the Python library path are being ignored: /app/src/ros2_ws/install/teensy_node/lib/teensy_node/teensy_node
[2.261s] DEBUG:colcon.colcon_core.event_handler.log_command:Invoking command in '/app/src/ros2_ws/build/teensy_node': PYTHONPATH=/app/src/ros2_ws/build/teensy_node/prefix_override:/usr/lib/python3/dist-packages/colcon_core/task/python/colcon_distutils_commands:/app/src/ros2_ws/install/teensy_node/lib/python3.10/site-packages:${PYTHONPATH} /usr/bin/python3 -W ignore:setup.py install is deprecated -W ignore:easy_install command is deprecated setup.py develop --editable --build-directory /app/src/ros2_ws/build/teensy_node/build --no-deps symlink_data --force
[2.957s] Level 1:colcon.colcon_core.shell:create_environment_hook('gait_node', 'pythonpath_develop')
[2.958s] INFO:colcon.colcon_core.shell:Creating environment hook '/app/src/ros2_ws/build/gait_node/share/gait_node/hook/pythonpath_develop.ps1'
[2.964s] DEBUG:colcon.colcon_core.event_handler.log_command:Invoked command in '/app/src/ros2_ws/build/gait_node' returned '0': PYTHONPATH=/app/src/ros2_ws/build/gait_node/prefix_override:/usr/lib/python3/dist-packages/colcon_core/task/python/colcon_distutils_commands:/app/src/ros2_ws/install/gait_node/lib/python3.10/site-packages:${PYTHONPATH} /usr/bin/python3 -W ignore:setup.py install is deprecated -W ignore:easy_install command is deprecated setup.py develop --editable --build-directory /app/src/ros2_ws/build/gait_node/build --no-deps symlink_data --force
[2.965s] INFO:colcon.colcon_core.shell:Creating environment descriptor '/app/src/ros2_ws/build/gait_node/share/gait_node/hook/pythonpath_develop.dsv'
[2.968s] INFO:colcon.colcon_core.shell:Creating environment hook '/app/src/ros2_ws/build/gait_node/share/gait_node/hook/pythonpath_develop.sh'
[2.990s] Level 1:colcon.colcon_core.environment:checking '/app/src/ros2_ws/install/gait_node' for CMake module files
[2.991s] Level 1:colcon.colcon_core.environment:checking '/app/src/ros2_ws/install/gait_node' for CMake config files
[2.992s] Level 1:colcon.colcon_core.environment:checking '/app/src/ros2_ws/install/gait_node/lib'
[2.992s] Level 1:colcon.colcon_core.environment:checking '/app/src/ros2_ws/install/gait_node/bin'
[2.993s] Level 1:colcon.colcon_core.environment:checking '/app/src/ros2_ws/install/gait_node/lib/pkgconfig/gait_node.pc'
[2.993s] Level 1:colcon.colcon_core.environment:checking '/app/src/ros2_ws/install/gait_node/lib/python3.10/site-packages'
[2.994s] Level 1:colcon.colcon_core.shell:create_environment_hook('gait_node', 'pythonpath')
[2.994s] INFO:colcon.colcon_core.shell:Creating environment hook '/app/src/ros2_ws/install/gait_node/share/gait_node/hook/pythonpath.ps1'
[2.995s] INFO:colcon.colcon_core.shell:Creating environment descriptor '/app/src/ros2_ws/install/gait_node/share/gait_node/hook/pythonpath.dsv'
[3.008s] INFO:colcon.colcon_core.shell:Creating environment hook '/app/src/ros2_ws/install/gait_node/share/gait_node/hook/pythonpath.sh'
[3.017s] Level 1:colcon.colcon_core.environment:checking '/app/src/ros2_ws/install/gait_node/bin'
[3.018s] Level 1:colcon.colcon_core.environment:create_environment_scripts_only(gait_node)
[3.018s] INFO:colcon.colcon_core.shell:Creating package script '/app/src/ros2_ws/install/gait_node/share/gait_node/package.ps1'
[3.020s] INFO:colcon.colcon_core.shell:Creating package descriptor '/app/src/ros2_ws/install/gait_node/share/gait_node/package.dsv'
[3.021s] INFO:colcon.colcon_core.shell:Creating package script '/app/src/ros2_ws/install/gait_node/share/gait_node/package.sh'
[3.022s] INFO:colcon.colcon_core.shell:Creating package script '/app/src/ros2_ws/install/gait_node/share/gait_node/package.bash'
[3.051s] INFO:colcon.colcon_core.shell:Creating package script '/app/src/ros2_ws/install/gait_node/share/gait_node/package.zsh'
[3.054s] Level 1:colcon.colcon_core.environment:create_file_with_runtime_dependencies(/app/src/ros2_ws/install/gait_node/share/colcon-core/packages/gait_node)
[3.057s] Level 1:colcon.colcon_core.shell:create_environment_hook('hexapod', 'pythonpath_develop')
[3.057s] INFO:colcon.colcon_core.shell:Creating environment hook '/app/src/ros2_ws/build/hexapod/share/hexapod/hook/pythonpath_develop.ps1'
[3.059s] INFO:colcon.colcon_core.shell:Creating environment descriptor '/app/src/ros2_ws/build/hexapod/share/hexapod/hook/pythonpath_develop.dsv'
[3.060s] DEBUG:colcon.colcon_core.event_handler.log_command:Invoked command in '/app/src/ros2_ws/build/hexapod' returned '0': PYTHONPATH=/app/src/ros2_ws/build/hexapod/prefix_override:/usr/lib/python3/dist-packages/colcon_core/task/python/colcon_distutils_commands:/app/src/ros2_ws/install/hexapod/lib/python3.10/site-packages:${PYTHONPATH} /usr/bin/python3 -W ignore:setup.py install is deprecated -W ignore:easy_install command is deprecated setup.py develop --editable --build-directory /app/src/ros2_ws/build/hexapod/build --no-deps symlink_data --force
[3.061s] INFO:colcon.colcon_core.shell:Creating environment hook '/app/src/ros2_ws/build/hexapod/share/hexapod/hook/pythonpath_develop.sh'
[3.063s] Level 1:colcon.colcon_core.environment:checking '/app/src/ros2_ws/install/hexapod' for CMake module files
[3.064s] Level 1:colcon.colcon_core.environment:checking '/app/src/ros2_ws/install/hexapod' for CMake config files
[3.065s] Level 1:colcon.colcon_core.environment:checking '/app/src/ros2_ws/install/hexapod/lib'
[3.065s] Level 1:colcon.colcon_core.environment:checking '/app/src/ros2_ws/install/hexapod/bin'
[3.065s] Level 1:colcon.colcon_core.environment:checking '/app/src/ros2_ws/install/hexapod/lib/pkgconfig/hexapod.pc'
[3.066s] Level 1:colcon.colcon_core.environment:checking '/app/src/ros2_ws/install/hexapod/lib/python3.10/site-packages'
[3.066s] Level 1:colcon.colcon_core.shell:create_environment_hook('hexapod', 'pythonpath')
[3.067s] INFO:colcon.colcon_core.shell:Creating environment hook '/app/src/ros2_ws/install/hexapod/share/hexapod/hook/pythonpath.ps1'
[3.067s] INFO:colcon.colcon_core.shell:Creating environment descriptor '/app/src/ros2_ws/install/hexapod/share/hexapod/hook/pythonpath.dsv'
[3.068s] INFO:colcon.colcon_core.shell:Creating environment hook '/app/src/ros2_ws/install/hexapod/share/hexapod/hook/pythonpath.sh'
[3.070s] Level 1:colcon.colcon_core.environment:checking '/app/src/ros2_ws/install/hexapod/bin'
[3.070s] Level 1:colcon.colcon_core.environment:create_environment_scripts_only(hexapod)
[3.071s] INFO:colcon.colcon_core.shell:Creating package script '/app/src/ros2_ws/install/hexapod/share/hexapod/package.ps1'
[3.074s] INFO:colcon.colcon_core.shell:Creating package descriptor '/app/src/ros2_ws/install/hexapod/share/hexapod/package.dsv'
[3.076s] INFO:colcon.colcon_core.shell:Creating package script '/app/src/ros2_ws/install/hexapod/share/hexapod/package.sh'
[3.077s] INFO:colcon.colcon_core.shell:Creating package script '/app/src/ros2_ws/install/hexapod/share/hexapod/package.bash'
[3.078s] INFO:colcon.colcon_core.shell:Creating package script '/app/src/ros2_ws/install/hexapod/share/hexapod/package.zsh'
[3.079s] Level 1:colcon.colcon_core.environment:create_file_with_runtime_dependencies(/app/src/ros2_ws/install/hexapod/share/colcon-core/packages/hexapod)
[3.081s] DEBUG:colcon.colcon_core.event_handler.log_command:Invoked command in '/app/src/ros2_ws/build/teensy_node' returned '1': PYTHONPATH=/app/src/ros2_ws/build/teensy_node/prefix_override:/usr/lib/python3/dist-packages/colcon_core/task/python/colcon_distutils_commands:/app/src/ros2_ws/install/teensy_node/lib/python3.10/site-packages:${PYTHONPATH} /usr/bin/python3 -W ignore:setup.py install is deprecated -W ignore:easy_install command is deprecated setup.py develop --editable --build-directory /app/src/ros2_ws/build/teensy_node/build --no-deps symlink_data --force
[3.090s] DEBUG:colcon.colcon_parallel_executor.executor.parallel:closing loop
[3.091s] DEBUG:colcon.colcon_parallel_executor.executor.parallel:loop closed
[3.091s] DEBUG:colcon.colcon_parallel_executor.executor.parallel:run_until_complete finished with '1'
[3.091s] DEBUG:colcon.colcon_core.event_reactor:joining thread
[3.130s] INFO:colcon.colcon_core.plugin_system:Skipping extension 'colcon_notification.desktop_notification.notify_send': Could not find 'notify-send'
[3.130s] INFO:colcon.colcon_core.plugin_system:Skipping extension 'colcon_notification.desktop_notification.terminal_notifier': Not used on non-Darwin systems
[3.130s] INFO:colcon.colcon_core.plugin_system:Skipping extension 'colcon_notification.desktop_notification.win32': Not used on non-Windows systems
[3.130s] INFO:colcon.colcon_notification.desktop_notification:Sending desktop notification using 'notify2'
[3.131s] DEBUG:colcon.colcon_notification.desktop_notification.notify2:Failed to initialize notify2: org.freedesktop.DBus.Error.NotSupported: Unable to autolaunch a dbus-daemon without a $DISPLAY for X11
[3.131s] DEBUG:colcon.colcon_core.event_reactor:joined thread
[3.131s] INFO:colcon.colcon_core.shell:Creating prefix script '/app/src/ros2_ws/install/local_setup.ps1'
[3.135s] INFO:colcon.colcon_core.shell:Creating prefix util module '/app/src/ros2_ws/install/_local_setup_util_ps1.py'
[3.139s] INFO:colcon.colcon_core.shell:Creating prefix chain script '/app/src/ros2_ws/install/setup.ps1'
[3.143s] INFO:colcon.colcon_core.shell:Creating prefix script '/app/src/ros2_ws/install/local_setup.sh'
[3.148s] INFO:colcon.colcon_core.shell:Creating prefix util module '/app/src/ros2_ws/install/_local_setup_util_sh.py'
[3.150s] INFO:colcon.colcon_core.shell:Creating prefix chain script '/app/src/ros2_ws/install/setup.sh'
[3.154s] INFO:colcon.colcon_core.shell:Creating prefix script '/app/src/ros2_ws/install/local_setup.bash'
[3.156s] INFO:colcon.colcon_core.shell:Creating prefix chain script '/app/src/ros2_ws/install/setup.bash'
[3.159s] INFO:colcon.colcon_core.shell:Creating prefix script '/app/src/ros2_ws/install/local_setup.zsh'
[3.162s] INFO:colcon.colcon_core.shell:Creating prefix chain script '/app/src/ros2_ws/install/setup.zsh'
